{
  "RSpec": {
    "coverage": {
      "/Users/timothycole/OneDrive/Makers/Month_2/oystercard_genny/oystercard-friday/spec/journey_spec.rb": [
        1,
        null,
        1,
        null,
        null,
        3,
        2,
        1,
        1,
        null,
        1,
        1,
        1,
        1,
        null,
        null,
        null,
        1,
        1,
        1,
        4,
        null,
        null,
        null,
        null,
        null,
        null,
        null,
        null,
        null,
        null,
        null,
        null,
        null,
        null,
        null,
        null,
        null,
        null,
        null,
        null,
        null,
        null
      ],
      "/Users/timothycole/OneDrive/Makers/Month_2/oystercard_genny/oystercard-friday/lib/oystercard.rb": [
        1,
        1,
        null,
        1,
        null,
        1,
        1,
        1,
        1,
        null,
        1,
        null,
        1,
        9,
        9,
        null,
        null,
        1,
        8,
        7,
        7,
        7,
        null,
        null,
        1,
        6,
        5,
        5,
        5,
        null,
        null,
        1,
        3,
        1,
        1,
        null,
        2,
        2,
        2,
        2,
        2,
        null,
        null,
        null,
        1,
        1,
        null,
        null,
        1,
        null,
        1,
        6,
        null,
        null,
        1,
        2,
        null,
        null,
        null,
        null
      ],
      "/Users/timothycole/OneDrive/Makers/Month_2/oystercard_genny/oystercard-friday/lib/journey.rb": [
        null,
        null,
        1,
        null,
        1,
        null,
        1,
        4,
        4,
        4,
        4,
        null,
        null,
        1,
        2,
        null,
        null,
        1,
        1,
        1,
        null,
        null,
        1,
        3,
        null,
        null
      ],
      "/Users/timothycole/OneDrive/Makers/Month_2/oystercard_genny/oystercard-friday/spec/oystercard_spec.rb": [
        1,
        null,
        1,
        null,
        6,
        4,
        7,
        null,
        1,
        null,
        1,
        1,
        2,
        null,
        null,
        1,
        1,
        null,
        null,
        1,
        2,
        null,
        null,
        null,
        null,
        1,
        null,
        1,
        1,
        1,
        4,
        null,
        null,
        1,
        1,
        1,
        1,
        1,
        null,
        null,
        1,
        1,
        4,
        null,
        null,
        null,
        1,
        null,
        1,
        1,
        1,
        4,
        null,
        1,
        1,
        1,
        1,
        null,
        null,
        null,
        null,
        null
      ],
      "/Users/timothycole/OneDrive/Makers/Month_2/oystercard_genny/oystercard-friday/spec/station_spec.rb": [
        1,
        null,
        1,
        null,
        3,
        null,
        1,
        1,
        null,
        null,
        1,
        1,
        null,
        null
      ],
      "/Users/timothycole/OneDrive/Makers/Month_2/oystercard_genny/oystercard-friday/lib/station.rb": [
        1,
        null,
        1,
        null,
        1,
        2,
        2,
        null,
        null
      ]
    },
    "timestamp": 1562338357
  }
}
